<?xml version="1.0" encoding="UTF-8"?>
<testng-results ignored="0" total="5" passed="5" failed="0" skipped="0">
  <reporter-output>
  </reporter-output>
  <suite started-at="2024-09-25T11:29:41 IST" name="Default suite" finished-at="2024-09-25T11:29:52 IST" duration-ms="11422">
    <groups>
    </groups>
    <test started-at="2024-09-25T11:29:41 IST" name="Default test" finished-at="2024-09-25T11:29:52 IST" duration-ms="11422">
      <class name="testcases.AgifyTest">
        <test-method signature="testAgifyApi(int,java.lang.String,int)[pri:0, instance:testcases.AgifyTest@23c30a20]" started-at="2024-09-25T11:29:42 IST" name="testAgifyApi" data-provider="userData" finished-at="2024-09-25T11:29:46 IST" duration-ms="4437" status="PASS">
          <params>
            <param index="0">
              <value>
                <![CDATA[277407]]>
              </value>
            </param>
            <param index="1">
              <value>
                <![CDATA[john]]>
              </value>
            </param>
            <param index="2">
              <value>
                <![CDATA[73]]>
              </value>
            </param>
          </params>
          <reporter-output>
          </reporter-output>
        </test-method> <!-- testAgifyApi -->
        <test-method signature="testAgifyApi(int,java.lang.String,int)[pri:0, instance:testcases.AgifyTest@23c30a20]" started-at="2024-09-25T11:29:46 IST" name="testAgifyApi" data-provider="userData" finished-at="2024-09-25T11:29:48 IST" duration-ms="1478" status="PASS">
          <params>
            <param index="0">
              <value>
                <![CDATA[135975]]>
              </value>
            </param>
            <param index="1">
              <value>
                <![CDATA[tom]]>
              </value>
            </param>
            <param index="2">
              <value>
                <![CDATA[66]]>
              </value>
            </param>
          </params>
          <reporter-output>
          </reporter-output>
        </test-method> <!-- testAgifyApi -->
        <test-method signature="testAgifyApi(int,java.lang.String,int)[pri:0, instance:testcases.AgifyTest@23c30a20]" started-at="2024-09-25T11:29:48 IST" name="testAgifyApi" data-provider="userData" finished-at="2024-09-25T11:29:49 IST" duration-ms="1649" status="PASS">
          <params>
            <param index="0">
              <value>
                <![CDATA[25849]]>
              </value>
            </param>
            <param index="1">
              <value>
                <![CDATA[jerry]]>
              </value>
            </param>
            <param index="2">
              <value>
                <![CDATA[75]]>
              </value>
            </param>
          </params>
          <reporter-output>
          </reporter-output>
        </test-method> <!-- testAgifyApi -->
        <test-method signature="testAgifyApi(int,java.lang.String,int)[pri:0, instance:testcases.AgifyTest@23c30a20]" started-at="2024-09-25T11:29:49 IST" name="testAgifyApi" data-provider="userData" finished-at="2024-09-25T11:29:51 IST" duration-ms="1525" status="PASS">
          <params>
            <param index="0">
              <value>
                <![CDATA[178570]]>
              </value>
            </param>
            <param index="1">
              <value>
                <![CDATA[kevin]]>
              </value>
            </param>
            <param index="2">
              <value>
                <![CDATA[50]]>
              </value>
            </param>
          </params>
          <reporter-output>
          </reporter-output>
        </test-method> <!-- testAgifyApi -->
        <test-method signature="testAgifyApi(int,java.lang.String,int)[pri:0, instance:testcases.AgifyTest@23c30a20]" started-at="2024-09-25T11:29:51 IST" name="testAgifyApi" data-provider="userData" finished-at="2024-09-25T11:29:52 IST" duration-ms="1483" status="PASS">
          <params>
            <param index="0">
              <value>
                <![CDATA[59483]]>
              </value>
            </param>
            <param index="1">
              <value>
                <![CDATA[amanda]]>
              </value>
            </param>
            <param index="2">
              <value>
                <![CDATA[46]]>
              </value>
            </param>
          </params>
          <reporter-output>
          </reporter-output>
        </test-method> <!-- testAgifyApi -->
      </class> <!-- testcases.AgifyTest -->
    </test> <!-- Default test -->
  </suite> <!-- Default suite -->
</testng-results>
