<?xml version="1.0" encoding="UTF-8"?>
<!-- Generated by org.testng.reporters.JUnitXMLReporter -->
<testsuite ignored="0" hostname="AIPL4274LT11069" failures="0" tests="5" name="Default test" time="11.422" errors="0" timestamp="2024-09-25T11:29:53 IST">
  <testcase classname="testcases.AgifyTest" name="testAgifyApi" time="4.437"/>
  <testcase classname="testcases.AgifyTest" name="testAgifyApi" time="1.478"/>
  <testcase classname="testcases.AgifyTest" name="testAgifyApi" time="1.649"/>
  <testcase classname="testcases.AgifyTest" name="testAgifyApi" time="1.525"/>
  <testcase classname="testcases.AgifyTest" name="testAgifyApi" time="1.483"/>
</testsuite> <!-- Default test -->
